<?xml version="1.0" encoding="UTF-8"?>
<!-- Generated by org.testng.reporters.JUnitReportReporter -->
<testsuite hostname="Akshay-PC" failures="0" tests="1" name="com.ibt.automationcore.BaseUtils" time="25.368" errors="0" timestamp="02 Oct 2023 14:16:28 GMT" skipped="0">
  <testcase classname="com.ibt.automationcore.BaseUtils" name="login" time="25.368"/>
</testsuite> <!-- com.ibt.automationcore.BaseUtils -->
